#
# There is insufficient memory for the Java Runtime Environment to continue.
# Native memory allocation (mmap) failed to map 144703488 bytes for committing reserved memory.
# Possible reasons:
#   The system is out of physical RAM or swap space
#   In 32 bit mode, the process size limit was hit
# Possible solutions:
#   Reduce memory load on the system
#   Increase physical memory or swap space
#   Check if swap backing store is full
#   Use 64 bit Java on a 64 bit OS
#   Decrease Java heap size (-Xmx/-Xms)
#   Decrease number of Java threads
#   Decrease Java thread stack sizes (-Xss)
#   Set larger code cache with -XX:ReservedCodeCacheSize=
# This output file may be truncated or incomplete.
#
#  Out of Memory Error (os_linux.cpp:2627), pid=2234, tid=0x00007fb2d4818700
#
# JRE version: Java(TM) SE Runtime Environment (8.0_101-b13) (build 1.8.0_101-b13)
# Java VM: Java HotSpot(TM) 64-Bit Server VM (25.101-b13 mixed mode linux-amd64 compressed oops)
# Failed to write core dump. Core dumps have been disabled. To enable core dumping, try "ulimit -c unlimited" before starting Java again
#

---------------  T H R E A D  ---------------

Current thread (0x00007fb2f4078000):  VMThread [stack: 0x00007fb2d4718000,0x00007fb2d4819000] [id=2243]

Stack: [0x00007fb2d4718000,0x00007fb2d4819000],  sp=0x00007fb2d4817020,  free space=1020k
Native frames: (J=compiled Java code, j=interpreted, Vv=VM code, C=native code)
V  [libjvm.so+0xac3f0a]  VMError::report_and_die()+0x2ba
V  [libjvm.so+0x4fbf9b]  report_vm_out_of_memory(char const*, int, unsigned long, VMErrorType, char const*)+0x8b
V  [libjvm.so+0x9222d3]  os::Linux::commit_memory_impl(char*, unsigned long, bool)+0x103
V  [libjvm.so+0x922829]  os::pd_commit_memory(char*, unsigned long, unsigned long, bool)+0x29
V  [libjvm.so+0x91cb2a]  os::commit_memory(char*, unsigned long, unsigned long, bool)+0x2a
V  [libjvm.so+0x991053]  PSVirtualSpace::expand_by(unsigned long)+0x53
V  [libjvm.so+0x992458]  PSYoungGen::resize_generation(unsigned long, unsigned long)+0xf8
V  [libjvm.so+0x9915b2]  PSYoungGen::resize(unsigned long, unsigned long)+0x22
V  [libjvm.so+0x98e88b]  PSScavenge::invoke_no_policy()+0xf3b
V  [libjvm.so+0x98f011]  PSScavenge::invoke()+0x41
V  [libjvm.so+0x945fc0]  ParallelScavengeHeap::failed_mem_allocate(unsigned long)+0x70
V  [libjvm.so+0xac5927]  VM_ParallelGCFailedAllocation::doit()+0x97
V  [libjvm.so+0xacd405]  VM_Operation::evaluate()+0x55
V  [libjvm.so+0xacb7da]  VMThread::evaluate_operation(VM_Operation*)+0xba
V  [libjvm.so+0xacbb5e]  VMThread::loop()+0x1ce
V  [libjvm.so+0xacbfd0]  VMThread::run()+0x70
V  [libjvm.so+0x924698]  java_start(Thread*)+0x108

VM_Operation (0x00007fb2faefe260): ParallelGCFailedAllocation, mode: safepoint, requested by thread 0x00007fb2f400a000


---------------  P R O C E S S  ---------------

Java Threads: ( => current thread )
  0x00007fb2f414d000 JavaThread "pool-1-thread-4" [_thread_blocked, id=2282, stack(0x00007fb2c36f7000,0x00007fb2c37f8000)]
  0x00007fb2f414b800 JavaThread "pool-1-thread-3" [_thread_blocked, id=2281, stack(0x00007fb2c37f8000,0x00007fb2c38f9000)]
  0x00007fb2f414a800 JavaThread "pool-1-thread-2" [_thread_blocked, id=2280, stack(0x00007fb2c38f9000,0x00007fb2c39fa000)]
  0x00007fb2f4147800 JavaThread "pool-2-thread-1" [_thread_blocked, id=2279, stack(0x00007fb2c39fa000,0x00007fb2c3afb000)]
  0x00007fb2f4146000 JavaThread "pool-1-thread-1" [_thread_blocked, id=2278, stack(0x00007fb2c3afb000,0x00007fb2c3bfc000)]
  0x00007fb2f40c1000 JavaThread "Service Thread" daemon [_thread_blocked, id=2250, stack(0x00007fb2c3cfd000,0x00007fb2c3dfe000)]
  0x00007fb2f40be800 JavaThread "C1 CompilerThread2" daemon [_thread_blocked, id=2249, stack(0x00007fb2c3dfe000,0x00007fb2c3eff000)]
  0x00007fb2f40bc800 JavaThread "C2 CompilerThread1" daemon [_thread_blocked, id=2248, stack(0x00007fb2c3eff000,0x00007fb2c4000000)]
  0x00007fb2f40b9800 JavaThread "C2 CompilerThread0" daemon [_thread_blocked, id=2247, stack(0x00007fb2d403a000,0x00007fb2d413b000)]
  0x00007fb2f40b8000 JavaThread "Signal Dispatcher" daemon [_thread_blocked, id=2246, stack(0x00007fb2d413b000,0x00007fb2d423c000)]
  0x00007fb2f4084000 JavaThread "Finalizer" daemon [_thread_blocked, id=2245, stack(0x00007fb2d4516000,0x00007fb2d4617000)]
  0x00007fb2f407f800 JavaThread "Reference Handler" daemon [_thread_blocked, id=2244, stack(0x00007fb2d4617000,0x00007fb2d4718000)]
  0x00007fb2f400a000 JavaThread "main" [_thread_blocked, id=2238, stack(0x00007fb2fadff000,0x00007fb2faf00000)]

Other Threads:
=>0x00007fb2f4078000 VMThread [stack: 0x00007fb2d4718000,0x00007fb2d4819000] [id=2243]
  0x00007fb2f40c4000 WatcherThread [stack: 0x00007fb2c3bfc000,0x00007fb2c3cfd000] [id=2252]

VM state:at safepoint (normal execution)

VM Mutex/Monitor currently owned by a thread:  ([mutex/lock_event])
[0x00007fb2f4006510] Threads_lock - owner thread: 0x00007fb2f4078000
[0x00007fb2f4006a10] Heap_lock - owner thread: 0x00007fb2f400a000

Heap:
 PSYoungGen      total 140288K, used 14823K [0x00000000eab00000, 0x00000000f4400000, 0x0000000100000000)
  eden space 125440K, 0% used [0x00000000eab00000,0x00000000eab00000,0x00000000f2580000)
  from space 14848K, 99% used [0x00000000f2580000,0x00000000f33f9cd0,0x00000000f3400000)
  to   space 13312K, 0% used [0x00000000f3400000,0x00000000f3400000,0x00000000f4100000)
 ParOldGen       total 42496K, used 34607K [0x00000000c0000000, 0x00000000c2980000, 0x00000000eab00000)
  object space 42496K, 81% used [0x00000000c0000000,0x00000000c21cbe60,0x00000000c2980000)
 Metaspace       used 6137K, capacity 7088K, committed 7296K, reserved 1056768K
  class space    used 600K, capacity 616K, committed 640K, reserved 1048576K

Card table byte_map: [0x00007fb2e4824000,0x00007fb2e4a25000] byte_map_base: 0x00007fb2e4224000

Marking Bits: (ParMarkBitMap*) 0x00007fb2fa2d3120
 Begin Bits: [0x00007fb2d6000000, 0x00007fb2d7000000)
 End Bits:   [0x00007fb2d7000000, 0x00007fb2d8000000)

Polling page: 0x00007fb2faf22000

CodeCache: size=245760Kb used=6458Kb max_used=6478Kb free=239301Kb
 bounds [0x00007fb2e4de5000, 0x00007fb2e5445000, 0x00007fb2f3de5000]
 total_blobs=1942 nmethods=1679 adapters=176
 compilation: enabled

Compilation events (10 events):
Event: 9,523 Thread 0x00007fb2f40be800 2009       2       com.android.dx.dex.file.AnnotationSetItem::<init> (83 bytes)
Event: 9,525 Thread 0x00007fb2f40be800 nmethod 2009 0x00007fb2e5424f90 code [0x00007fb2e5425180, 0x00007fb2e5425988]
Event: 9,525 Thread 0x00007fb2f40be800 2010   !   2       com.android.dx.dex.file.AnnotationSetItem::writeSize (20 bytes)
Event: 9,525 Thread 0x00007fb2f40be800 nmethod 2010 0x00007fb2e5424a90 code [0x00007fb2e5424c00, 0x00007fb2e5424e08]
Event: 9,525 Thread 0x00007fb2f40be800 2011       2       com.android.dx.rop.annotation.Annotations::getAnnotations (11 bytes)
Event: 9,526 Thread 0x00007fb2f40be800 nmethod 2011 0x00007fb2e5424450 code [0x00007fb2e54245c0, 0x00007fb2e54248c8]
Event: 9,526 Thread 0x00007fb2f40be800 2012       2       com.android.dx.dex.code.TargetInsn::<init> (29 bytes)
Event: 9,526 Thread 0x00007fb2f40be800 nmethod 2012 0x00007fb2e5423f50 code [0x00007fb2e54240c0, 0x00007fb2e5424318]
Event: 9,543 Thread 0x00007fb2f40be800 2015       2       com.android.dx.rop.cst.CstInterfaceMethodRef::toMethodRef (31 bytes)
Event: 9,543 Thread 0x00007fb2f40be800 nmethod 2015 0x00007fb2e5423990 code [0x00007fb2e5423b00, 0x00007fb2e5423d78]

GC Heap History (10 events):
Event: 2,961 GC heap after
Heap after GC invocations=2 (full 0):
 PSYoungGen      total 34304K, used 2544K [0x00000000eab00000, 0x00000000ecf00000, 0x0000000100000000)
  eden space 31744K, 0% used [0x00000000eab00000,0x00000000eab00000,0x00000000eca00000)
  from space 2560K, 99% used [0x00000000ecc80000,0x00000000ecefc028,0x00000000ecf00000)
  to   space 2560K, 0% used [0x00000000eca00000,0x00000000eca00000,0x00000000ecc80000)
 ParOldGen       total 42496K, used 2616K [0x00000000c0000000, 0x00000000c2980000, 0x00000000eab00000)
  object space 42496K, 6% used [0x00000000c0000000,0x00000000c028e030,0x00000000c2980000)
 Metaspace       used 5657K, capacity 6768K, committed 7040K, reserved 1056768K
  class space    used 580K, capacity 616K, committed 640K, reserved 1048576K
}
Event: 4,028 GC heap before
{Heap before GC invocations=3 (full 0):
 PSYoungGen      total 34304K, used 34288K [0x00000000eab00000, 0x00000000ecf00000, 0x0000000100000000)
  eden space 31744K, 100% used [0x00000000eab00000,0x00000000eca00000,0x00000000eca00000)
  from space 2560K, 99% used [0x00000000ecc80000,0x00000000ecefc028,0x00000000ecf00000)
  to   space 2560K, 0% used [0x00000000eca00000,0x00000000eca00000,0x00000000ecc80000)
 ParOldGen       total 42496K, used 2616K [0x00000000c0000000, 0x00000000c2980000, 0x00000000eab00000)
  object space 42496K, 6% used [0x00000000c0000000,0x00000000c028e030,0x00000000c2980000)
 Metaspace       used 5729K, capacity 6832K, committed 7040K, reserved 1056768K
  class space    used 580K, capacity 616K, committed 640K, reserved 1048576K
Event: 4,112 GC heap after
Heap after GC invocations=3 (full 0):
 PSYoungGen      total 34304K, used 2533K [0x00000000eab00000, 0x00000000eee00000, 0x0000000100000000)
  eden space 31744K, 0% used [0x00000000eab00000,0x00000000eab00000,0x00000000eca00000)
  from space 2560K, 98% used [0x00000000eca00000,0x00000000ecc79760,0x00000000ecc80000)
  to   space 2560K, 0% used [0x00000000eeb80000,0x00000000eeb80000,0x00000000eee00000)
 ParOldGen       total 42496K, used 7797K [0x00000000c0000000, 0x00000000c2980000, 0x00000000eab00000)
  object space 42496K, 18% used [0x00000000c0000000,0x00000000c079d580,0x00000000c2980000)
 Metaspace       used 5729K, capacity 6832K, committed 7040K, reserved 1056768K
  class space    used 580K, capacity 616K, committed 640K, reserved 1048576K
}
Event: 4,948 GC heap before
{Heap before GC invocations=4 (full 0):
 PSYoungGen      total 34304K, used 34277K [0x00000000eab00000, 0x00000000eee00000, 0x0000000100000000)
  eden space 31744K, 100% used [0x00000000eab00000,0x00000000eca00000,0x00000000eca00000)
  from space 2560K, 98% used [0x00000000eca00000,0x00000000ecc79760,0x00000000ecc80000)
  to   space 2560K, 0% used [0x00000000eeb80000,0x00000000eeb80000,0x00000000eee00000)
 ParOldGen       total 42496K, used 7797K [0x00000000c0000000, 0x00000000c2980000, 0x00000000eab00000)
  object space 42496K, 18% used [0x00000000c0000000,0x00000000c079d580,0x00000000c2980000)
 Metaspace       used 5772K, capacity 6896K, committed 7040K, reserved 1056768K
  class space    used 580K, capacity 616K, committed 640K, reserved 1048576K
Event: 5,092 GC heap after
Heap after GC invocations=4 (full 0):
 PSYoungGen      total 66048K, used 2548K [0x00000000eab00000, 0x00000000eee00000, 0x0000000100000000)
  eden space 63488K, 0% used [0x00000000eab00000,0x00000000eab00000,0x00000000ee900000)
  from space 2560K, 99% used [0x00000000eeb80000,0x00000000eedfd050,0x00000000eee00000)
  to   space 2560K, 0% used [0x00000000ee900000,0x00000000ee900000,0x00000000eeb80000)
 ParOldGen       total 42496K, used 12860K [0x00000000c0000000, 0x00000000c2980000, 0x00000000eab00000)
  object space 42496K, 30% used [0x00000000c0000000,0x00000000c0c8f328,0x00000000c2980000)
 Metaspace       used 5772K, capacity 6896K, committed 7040K, reserved 1056768K
  class space    used 580K, capacity 616K, committed 640K, reserved 1048576K
}
Event: 6,498 GC heap before
{Heap before GC invocations=5 (full 0):
 PSYoungGen      total 66048K, used 66036K [0x00000000eab00000, 0x00000000eee00000, 0x0000000100000000)
  eden space 63488K, 100% used [0x00000000eab00000,0x00000000ee900000,0x00000000ee900000)
  from space 2560K, 99% used [0x00000000eeb80000,0x00000000eedfd050,0x00000000eee00000)
  to   space 2560K, 0% used [0x00000000ee900000,0x00000000ee900000,0x00000000eeb80000)
 ParOldGen       total 42496K, used 12860K [0x00000000c0000000, 0x00000000c2980000, 0x00000000eab00000)
  object space 42496K, 30% used [0x00000000c0000000,0x00000000c0c8f328,0x00000000c2980000)
 Metaspace       used 5825K, capacity 6960K, committed 7040K, reserved 1056768K
  class space    used 581K, capacity 616K, committed 640K, reserved 1048576K
Event: 6,621 GC heap after
Heap after GC invocations=5 (full 0):
 PSYoungGen      total 66048K, used 2558K [0x00000000eab00000, 0x00000000f4100000, 0x0000000100000000)
  eden space 63488K, 0% used [0x00000000eab00000,0x00000000eab00000,0x00000000ee900000)
  from space 2560K, 99% used [0x00000000ee900000,0x00000000eeb7f980,0x00000000eeb80000)
  to   space 13312K, 0% used [0x00000000f3400000,0x00000000f3400000,0x00000000f4100000)
 ParOldGen       total 42496K, used 22751K [0x00000000c0000000, 0x00000000c2980000, 0x00000000eab00000)
  object space 42496K, 53% used [0x00000000c0000000,0x00000000c1637d98,0x00000000c2980000)
 Metaspace       used 5825K, capacity 6960K, committed 7040K, reserved 1056768K
  class space    used 581K, capacity 616K, committed 640K, reserved 1048576K
}
Event: 7,623 GC heap before
{Heap before GC invocations=6 (full 0):
 PSYoungGen      total 66048K, used 66046K [0x00000000eab00000, 0x00000000f4100000, 0x0000000100000000)
  eden space 63488K, 100% used [0x00000000eab00000,0x00000000ee900000,0x00000000ee900000)
  from space 2560K, 99% used [0x00000000ee900000,0x00000000eeb7f980,0x00000000eeb80000)
  to   space 13312K, 0% used [0x00000000f3400000,0x00000000f3400000,0x00000000f4100000)
 ParOldGen       total 42496K, used 22751K [0x00000000c0000000, 0x00000000c2980000, 0x00000000eab00000)
  object space 42496K, 53% used [0x00000000c0000000,0x00000000c1637d98,0x00000000c2980000)
 Metaspace       used 5991K, capacity 7024K, committed 7296K, reserved 1056768K
  class space    used 600K, capacity 616K, committed 640K, reserved 1048576K
Event: 7,784 GC heap after
Heap after GC invocations=6 (full 0):
 PSYoungGen      total 138752K, used 11085K [0x00000000eab00000, 0x00000000f4400000, 0x0000000100000000)
  eden space 125440K, 0% used [0x00000000eab00000,0x00000000eab00000,0x00000000f2580000)
  from space 13312K, 83% used [0x00000000f3400000,0x00000000f3ed35c0,0x00000000f4100000)
  to   space 14848K, 0% used [0x00000000f2580000,0x00000000f2580000,0x00000000f3400000)
 ParOldGen       total 42496K, used 22751K [0x00000000c0000000, 0x00000000c2980000, 0x00000000eab00000)
  object space 42496K, 53% used [0x00000000c0000000,0x00000000c1637d98,0x00000000c2980000)
 Metaspace       used 5991K, capacity 7024K, committed 7296K, reserved 1056768K
  class space    used 600K, capacity 616K, committed 640K, reserved 1048576K
}
Event: 9,544 GC heap before
{Heap before GC invocations=7 (full 0):
 PSYoungGen      total 138752K, used 136525K [0x00000000eab00000, 0x00000000f4400000, 0x0000000100000000)
  eden space 125440K, 100% used [0x00000000eab00000,0x00000000f2580000,0x00000000f2580000)
  from space 13312K, 83% used [0x00000000f3400000,0x00000000f3ed35c0,0x00000000f4100000)
  to   space 14848K, 0% used [0x00000000f2580000,0x00000000f2580000,0x00000000f3400000)
 ParOldGen       total 42496K, used 22751K [0x00000000c0000000, 0x00000000c2980000, 0x00000000eab00000)
  object space 42496K, 53% used [0x00000000c0000000,0x00000000c1637d98,0x00000000c2980000)
 Metaspace       used 6137K, capacity 7088K, committed 7296K, reserved 1056768K
  class space    used 600K, capacity 616K, committed 640K, reserved 1048576K

Deoptimization events (10 events):
Event: 4,200 Thread 0x00007fb2f414b800 Uncommon trap: reason=bimorphic action=maybe_recompile pc=0x00007fb2e4fd76d8 method=java.util.HashMap.getNode(ILjava/lang/Object;)Ljava/util/HashMap$Node; @ 126
Event: 4,200 Thread 0x00007fb2f414b800 Uncommon trap: reason=bimorphic action=maybe_recompile pc=0x00007fb2e5037fa4 method=java.util.HashMap.getNode(ILjava/lang/Object;)Ljava/util/HashMap$Node; @ 126
Event: 5,303 Thread 0x00007fb2f4146000 Uncommon trap: reason=unstable_if action=reinterpret pc=0x00007fb2e513eec4 method=com.android.dx.util.IntList.binarysearch(I)I @ 105
Event: 5,322 Thread 0x00007fb2f400a000 Uncommon trap: reason=unstable_if action=reinterpret pc=0x00007fb2e50e87bc method=com.android.dx.ssa.SsaMethod.updateOneDefinition(Lcom/android/dx/ssa/SsaInsn;Lcom/android/dx/rop/code/RegisterSpec;)V @ 4
Event: 6,799 Thread 0x00007fb2f400a000 Uncommon trap: reason=unstable_if action=reinterpret pc=0x00007fb2e506db64 method=java.util.HashMap.putVal(ILjava/lang/Object;Ljava/lang/Object;ZZ)Ljava/lang/Object; @ 162
Event: 6,868 Thread 0x00007fb2f400a000 Uncommon trap: reason=unstable_if action=reinterpret pc=0x00007fb2e52afacc method=com.android.dx.ssa.SCCP.simulateStmt(Lcom/android/dx/ssa/SsaInsn;)V @ 59
Event: 6,914 Thread 0x00007fb2f400a000 Uncommon trap: reason=unstable_if action=reinterpret pc=0x00007fb2e5183674 method=java.util.HashMap.getNode(ILjava/lang/Object;)Ljava/util/HashMap$Node; @ 84
Event: 7,241 Thread 0x00007fb2f414b800 Uncommon trap: reason=unstable_if action=reinterpret pc=0x00007fb2e52201f4 method=java.util.HashMap.putVal(ILjava/lang/Object;Ljava/lang/Object;ZZ)Ljava/lang/Object; @ 162
Event: 7,344 Thread 0x00007fb2f414d000 Uncommon trap: reason=unstable_if action=reinterpret pc=0x00007fb2e52e4860 method=java.util.HashMap.getNode(ILjava/lang/Object;)Ljava/util/HashMap$Node; @ 84
Event: 8,253 Thread 0x00007fb2f414a800 Uncommon trap: reason=unstable_if action=reinterpret pc=0x00007fb2e51607c8 method=com.android.dx.dex.code.OutputFinisher.hasLocalInfo(Lcom/android/dx/dex/code/DalvInsn;)Z @ 24

Internal exceptions (7 events):
Event: 0,472 Thread 0x00007fb2f400a000 Exception <a 'java/lang/NoSuchMethodError': Method sun.misc.Unsafe.defineClass(Ljava/lang/String;[BII)Ljava/lang/Class; name or signature does not match> (0x00000000eab07cc0) thrown at [/HUDSON3/workspace/8-2-build-linux-amd64/jdk8u101/7261/hotspot/src/sh
Event: 0,472 Thread 0x00007fb2f400a000 Exception <a 'java/lang/NoSuchMethodError': Method sun.misc.Unsafe.prefetchRead(Ljava/lang/Object;J)V name or signature does not match> (0x00000000eab07fa8) thrown at [/HUDSON3/workspace/8-2-build-linux-amd64/jdk8u101/7261/hotspot/src/share/vm/prims/jni.c
Event: 3,075 Thread 0x00007fb2f414b800 Implicit null exception at 0x00007fb2e5069fe2 to 0x00007fb2e506a0db
Event: 3,398 Thread 0x00007fb2f414b800 Implicit null exception at 0x00007fb2e509865c to 0x00007fb2e509b659
Event: 6,815 Thread 0x00007fb2f400a000 Exception <a 'java/lang/ArrayIndexOutOfBoundsException': 18> (0x00000000ebc29d50) thrown at [/HUDSON3/workspace/8-2-build-linux-amd64/jdk8u101/7261/hotspot/src/share/vm/interpreter/interpreterRuntime.cpp, line 366]
Event: 6,815 Thread 0x00007fb2f400a000 Exception <a 'java/lang/ArrayIndexOutOfBoundsException': 145> (0x00000000ebc2b8d0) thrown at [/HUDSON3/workspace/8-2-build-linux-amd64/jdk8u101/7261/hotspot/src/share/vm/interpreter/interpreterRuntime.cpp, line 366]
Event: 6,818 Thread 0x00007fb2f400a000 Exception <a 'java/lang/ArrayIndexOutOfBoundsException': 40> (0x00000000ebc2cbb8) thrown at [/HUDSON3/workspace/8-2-build-linux-amd64/jdk8u101/7261/hotspot/src/share/vm/interpreter/interpreterRuntime.cpp, line 366]

Events (10 events):
Event: 9,182 Thread 0x00007fb2f400a000 DEOPT UNPACKING pc=0x00007fb2e4e2c633 sp=0x00007fb2faefd5c0 mode 0
Event: 9,260 Thread 0x00007fb2f414a800 DEOPT PACKING pc=0x00007fb2e537df42 sp=0x00007fb2c39f7b60
Event: 9,260 Thread 0x00007fb2f414a800 DEOPT UNPACKING pc=0x00007fb2e4e2c633 sp=0x00007fb2c39f78b0 mode 0
Event: 9,472 Thread 0x00007fb2f400a000 DEOPT PACKING pc=0x00007fb2e528ff43 sp=0x00007fb2faefdb70
Event: 9,472 Thread 0x00007fb2f400a000 DEOPT UNPACKING pc=0x00007fb2e4e2c633 sp=0x00007fb2faefd8e0 mode 0
Event: 9,503 Thread 0x00007fb2f400a000 DEOPT PACKING pc=0x00007fb2e5297f6c sp=0x00007fb2faefd910
Event: 9,503 Thread 0x00007fb2f400a000 DEOPT UNPACKING pc=0x00007fb2e4e2c633 sp=0x00007fb2faefd6f8 mode 0
Event: 9,516 Thread 0x00007fb2f400a000 DEOPT PACKING pc=0x00007fb2e52966ed sp=0x00007fb2faefda80
Event: 9,516 Thread 0x00007fb2f400a000 DEOPT UNPACKING pc=0x00007fb2e4e2c633 sp=0x00007fb2faefd7d8 mode 0
Event: 9,544 Executing VM operation: ParallelGCFailedAllocation


Dynamic libraries:
00400000-00401000 r-xp 00000000 08:02 6433071                            /usr/lib/jvm/java-8-oracle/bin/java
00600000-00601000 rw-p 00000000 08:02 6433071                            /usr/lib/jvm/java-8-oracle/bin/java
018a8000-018c9000 rw-p 00000000 00:00 0                                  [heap]
c0000000-c2980000 rw-p 00000000 00:00 0 
c2980000-eab00000 ---p 00000000 00:00 0 
eab00000-f4400000 rw-p 00000000 00:00 0 
fce00000-100000000 ---p 00000000 00:00 0 
100000000-1000a0000 rw-p 00000000 00:00 0 
1000a0000-140000000 ---p 00000000 00:00 0 
7fb290000000-7fb29002d000 rw-p 00000000 00:00 0 
7fb29002d000-7fb294000000 ---p 00000000 00:00 0 
7fb298000000-7fb298042000 rw-p 00000000 00:00 0 
7fb298042000-7fb29c000000 ---p 00000000 00:00 0 
7fb29c000000-7fb29c021000 rw-p 00000000 00:00 0 
7fb29c021000-7fb2a0000000 ---p 00000000 00:00 0 
7fb2a0000000-7fb2a0027000 rw-p 00000000 00:00 0 
7fb2a0027000-7fb2a4000000 ---p 00000000 00:00 0 
7fb2a4000000-7fb2a4021000 rw-p 00000000 00:00 0 
7fb2a4021000-7fb2a8000000 ---p 00000000 00:00 0 
7fb2a8000000-7fb2a8021000 rw-p 00000000 00:00 0 
7fb2a8021000-7fb2ac000000 ---p 00000000 00:00 0 
7fb2ac000000-7fb2ac021000 rw-p 00000000 00:00 0 
7fb2ac021000-7fb2b0000000 ---p 00000000 00:00 0 
7fb2b0000000-7fb2b0c5f000 rw-p 00000000 00:00 0 
7fb2b0c5f000-7fb2b4000000 ---p 00000000 00:00 0 
7fb2b4000000-7fb2b49cf000 rw-p 00000000 00:00 0 
7fb2b49cf000-7fb2b8000000 ---p 00000000 00:00 0 
7fb2b8000000-7fb2b8803000 rw-p 00000000 00:00 0 
7fb2b8803000-7fb2bc000000 ---p 00000000 00:00 0 
7fb2bc000000-7fb2bc021000 rw-p 00000000 00:00 0 
7fb2bc021000-7fb2c0000000 ---p 00000000 00:00 0 
7fb2c36f7000-7fb2c36fa000 ---p 00000000 00:00 0 
7fb2c36fa000-7fb2c37f8000 rw-p 00000000 00:00 0 
7fb2c37f8000-7fb2c37fb000 ---p 00000000 00:00 0 
7fb2c37fb000-7fb2c38f9000 rw-p 00000000 00:00 0 
7fb2c38f9000-7fb2c38fc000 ---p 00000000 00:00 0 
7fb2c38fc000-7fb2c39fa000 rw-p 00000000 00:00 0 
7fb2c39fa000-7fb2c39fd000 ---p 00000000 00:00 0 
7fb2c39fd000-7fb2c3afb000 rw-p 00000000 00:00 0 
7fb2c3afb000-7fb2c3afe000 ---p 00000000 00:00 0 
7fb2c3afe000-7fb2c3bfc000 rw-p 00000000 00:00 0 
7fb2c3bfc000-7fb2c3bfd000 ---p 00000000 00:00 0 
7fb2c3bfd000-7fb2c3cfd000 rw-p 00000000 00:00 0 
7fb2c3cfd000-7fb2c3d00000 ---p 00000000 00:00 0 
7fb2c3d00000-7fb2c3dfe000 rw-p 00000000 00:00 0 
7fb2c3dfe000-7fb2c3e01000 ---p 00000000 00:00 0 
7fb2c3e01000-7fb2c3eff000 rw-p 00000000 00:00 0 
7fb2c3eff000-7fb2c3f02000 ---p 00000000 00:00 0 
7fb2c3f02000-7fb2c4000000 rw-p 00000000 00:00 0 
7fb2c4000000-7fb2c4021000 rw-p 00000000 00:00 0 
7fb2c4021000-7fb2c8000000 ---p 00000000 00:00 0 
7fb2c8000000-7fb2c8021000 rw-p 00000000 00:00 0 
7fb2c8021000-7fb2cc000000 ---p 00000000 00:00 0 
7fb2cc000000-7fb2cc28e000 rw-p 00000000 00:00 0 
7fb2cc28e000-7fb2d0000000 ---p 00000000 00:00 0 
7fb2d0000000-7fb2d0021000 rw-p 00000000 00:00 0 
7fb2d0021000-7fb2d4000000 ---p 00000000 00:00 0 
7fb2d403a000-7fb2d403d000 ---p 00000000 00:00 0 
7fb2d403d000-7fb2d413b000 rw-p 00000000 00:00 0 
7fb2d413b000-7fb2d413e000 ---p 00000000 00:00 0 
7fb2d413e000-7fb2d423c000 rw-p 00000000 00:00 0 
7fb2d423c000-7fb2d4516000 r--p 00000000 08:02 6292830                    /usr/lib/locale/locale-archive
7fb2d4516000-7fb2d4519000 ---p 00000000 00:00 0 
7fb2d4519000-7fb2d4617000 rw-p 00000000 00:00 0 
7fb2d4617000-7fb2d461a000 ---p 00000000 00:00 0 
7fb2d461a000-7fb2d4718000 rw-p 00000000 00:00 0 
7fb2d4718000-7fb2d4719000 ---p 00000000 00:00 0 
7fb2d4719000-7fb2d5627000 rw-p 00000000 00:00 0 
7fb2d5627000-7fb2d5800000 r--s 03d29000 08:02 6431604                    /usr/lib/jvm/java-8-oracle/jre/lib/rt.jar
7fb2d5800000-7fb2d5e80000 rw-p 00000000 00:00 0 
7fb2d5e80000-7fb2d6000000 ---p 00000000 00:00 0 
7fb2d6000000-7fb2d8000000 rw-p 00000000 00:00 0 
7fb2d8000000-7fb2d8021000 rw-p 00000000 00:00 0 
7fb2d8021000-7fb2dc000000 ---p 00000000 00:00 0 
7fb2dc000000-7fb2dc021000 rw-p 00000000 00:00 0 
7fb2dc021000-7fb2e0000000 ---p 00000000 00:00 0 
7fb2e0000000-7fb2e0021000 rw-p 00000000 00:00 0 
7fb2e0021000-7fb2e4000000 ---p 00000000 00:00 0 
7fb2e401a000-7fb2e4025000 r--s 00097000 08:02 3949267                    /home/admir/AndroidStudioProjects/Orthographia/app/build/intermediates/exploded-aar/com.android.support/appcompat-v7/24.2.1/jars/classes.jar
7fb2e4025000-7fb2e4420000 rw-p 00000000 00:00 0 
7fb2e4420000-7fb2e4421000 ---p 00000000 00:00 0 
7fb2e4421000-7fb2e4521000 rw-p 00000000 00:00 0 
7fb2e4521000-7fb2e4522000 ---p 00000000 00:00 0 
7fb2e4522000-7fb2e4622000 rw-p 00000000 00:00 0 
7fb2e4622000-7fb2e4623000 ---p 00000000 00:00 0 
7fb2e4623000-7fb2e4723000 rw-p 00000000 00:00 0 
7fb2e4723000-7fb2e4724000 ---p 00000000 00:00 0 
7fb2e4724000-7fb2e4839000 rw-p 00000000 00:00 0 
7fb2e4839000-7fb2e4979000 ---p 00000000 00:00 0 
7fb2e4979000-7fb2e49c6000 rw-p 00000000 00:00 0 
7fb2e49c6000-7fb2e4a24000 ---p 00000000 00:00 0 
7fb2e4a24000-7fb2e4a3f000 rw-p 00000000 00:00 0 
7fb2e4a3f000-7fb2e4de5000 ---p 00000000 00:00 0 
7fb2e4de5000-7fb2e5445000 rwxp 00000000 00:00 0 
7fb2e5445000-7fb2f3de5000 ---p 00000000 00:00 0 
7fb2f3de5000-7fb2f3dff000 r-xp 00000000 08:02 6431617                    /usr/lib/jvm/java-8-oracle/jre/lib/amd64/libzip.so
7fb2f3dff000-7fb2f3fff000 ---p 0001a000 08:02 6431617                    /usr/lib/jvm/java-8-oracle/jre/lib/amd64/libzip.so
7fb2f3fff000-7fb2f4000000 rw-p 0001a000 08:02 6431617                    /usr/lib/jvm/java-8-oracle/jre/lib/amd64/libzip.so
7fb2f4000000-7fb2f438f000 rw-p 00000000 00:00 0 
7fb2f438f000-7fb2f8000000 ---p 00000000 00:00 0 
7fb2f8001000-7fb2f800f000 r--s 000e0000 08:02 3016393                    /home/admir/Android/Sdk/build-tools/24.0.1/lib/dx.jar
7fb2f800f000-7fb2f8045000 rw-p 00000000 00:00 0 
7fb2f8045000-7fb2f8186000 ---p 00000000 00:00 0 
7fb2f8186000-7fb2f8191000 r-xp 00000000 08:02 1849187                    /lib/x86_64-linux-gnu/libnss_files-2.23.so
7fb2f8191000-7fb2f8390000 ---p 0000b000 08:02 1849187                    /lib/x86_64-linux-gnu/libnss_files-2.23.so
7fb2f8390000-7fb2f8391000 r--p 0000a000 08:02 1849187                    /lib/x86_64-linux-gnu/libnss_files-2.23.so
7fb2f8391000-7fb2f8392000 rw-p 0000b000 08:02 1849187                    /lib/x86_64-linux-gnu/libnss_files-2.23.so
7fb2f8392000-7fb2f8398000 rw-p 00000000 00:00 0 
7fb2f8398000-7fb2f83a3000 r-xp 00000000 08:02 1849172                    /lib/x86_64-linux-gnu/libnss_nis-2.23.so
7fb2f83a3000-7fb2f85a2000 ---p 0000b000 08:02 1849172                    /lib/x86_64-linux-gnu/libnss_nis-2.23.so
7fb2f85a2000-7fb2f85a3000 r--p 0000a000 08:02 1849172                    /lib/x86_64-linux-gnu/libnss_nis-2.23.so
7fb2f85a3000-7fb2f85a4000 rw-p 0000b000 08:02 1849172                    /lib/x86_64-linux-gnu/libnss_nis-2.23.so
7fb2f85a4000-7fb2f85ba000 r-xp 00000000 08:02 1849183                    /lib/x86_64-linux-gnu/libnsl-2.23.so
7fb2f85ba000-7fb2f87b9000 ---p 00016000 08:02 1849183                    /lib/x86_64-linux-gnu/libnsl-2.23.so
7fb2f87b9000-7fb2f87ba000 r--p 00015000 08:02 1849183                    /lib/x86_64-linux-gnu/libnsl-2.23.so
7fb2f87ba000-7fb2f87bb000 rw-p 00016000 08:02 1849183                    /lib/x86_64-linux-gnu/libnsl-2.23.so
7fb2f87bb000-7fb2f87bd000 rw-p 00000000 00:00 0 
7fb2f87bd000-7fb2f87c5000 r-xp 00000000 08:02 1849184                    /lib/x86_64-linux-gnu/libnss_compat-2.23.so
7fb2f87c5000-7fb2f89c4000 ---p 00008000 08:02 1849184                    /lib/x86_64-linux-gnu/libnss_compat-2.23.so
7fb2f89c4000-7fb2f89c5000 r--p 00007000 08:02 1849184                    /lib/x86_64-linux-gnu/libnss_compat-2.23.so
7fb2f89c5000-7fb2f89c6000 rw-p 00008000 08:02 1849184                    /lib/x86_64-linux-gnu/libnss_compat-2.23.so
7fb2f89c6000-7fb2f89f0000 r-xp 00000000 08:02 6431637                    /usr/lib/jvm/java-8-oracle/jre/lib/amd64/libjava.so
7fb2f89f0000-7fb2f8bf0000 ---p 0002a000 08:02 6431637                    /usr/lib/jvm/java-8-oracle/jre/lib/amd64/libjava.so
7fb2f8bf0000-7fb2f8bf2000 rw-p 0002a000 08:02 6431637                    /usr/lib/jvm/java-8-oracle/jre/lib/amd64/libjava.so
7fb2f8bf2000-7fb2f8bff000 r-xp 00000000 08:02 6431626                    /usr/lib/jvm/java-8-oracle/jre/lib/amd64/libverify.so
7fb2f8bff000-7fb2f8dff000 ---p 0000d000 08:02 6431626                    /usr/lib/jvm/java-8-oracle/jre/lib/amd64/libverify.so
7fb2f8dff000-7fb2f8e01000 rw-p 0000d000 08:02 6431626                    /usr/lib/jvm/java-8-oracle/jre/lib/amd64/libverify.so
7fb2f8e01000-7fb2f8e08000 r-xp 00000000 08:02 1849171                    /lib/x86_64-linux-gnu/librt-2.23.so
7fb2f8e08000-7fb2f9007000 ---p 00007000 08:02 1849171                    /lib/x86_64-linux-gnu/librt-2.23.so
7fb2f9007000-7fb2f9008000 r--p 00006000 08:02 1849171                    /lib/x86_64-linux-gnu/librt-2.23.so
7fb2f9008000-7fb2f9009000 rw-p 00007000 08:02 1849171                    /lib/x86_64-linux-gnu/librt-2.23.so
7fb2f9009000-7fb2f9111000 r-xp 00000000 08:02 1849181                    /lib/x86_64-linux-gnu/libm-2.23.so
7fb2f9111000-7fb2f9310000 ---p 00108000 08:02 1849181                    /lib/x86_64-linux-gnu/libm-2.23.so
7fb2f9310000-7fb2f9311000 r--p 00107000 08:02 1849181                    /lib/x86_64-linux-gnu/libm-2.23.so
7fb2f9311000-7fb2f9312000 rw-p 00108000 08:02 1849181                    /lib/x86_64-linux-gnu/libm-2.23.so
7fb2f9312000-7fb2f9fdd000 r-xp 00000000 08:02 6431669                    /usr/lib/jvm/java-8-oracle/jre/lib/amd64/server/libjvm.so
7fb2f9fdd000-7fb2fa1dc000 ---p 00ccb000 08:02 6431669                    /usr/lib/jvm/java-8-oracle/jre/lib/amd64/server/libjvm.so
7fb2fa1dc000-7fb2fa2b5000 rw-p 00cca000 08:02 6431669                    /usr/lib/jvm/java-8-oracle/jre/lib/amd64/server/libjvm.so
7fb2fa2b5000-7fb2fa300000 rw-p 00000000 00:00 0 
7fb2fa300000-7fb2fa4bf000 r-xp 00000000 08:02 1849176                    /lib/x86_64-linux-gnu/libc-2.23.so
7fb2fa4bf000-7fb2fa6bf000 ---p 001bf000 08:02 1849176                    /lib/x86_64-linux-gnu/libc-2.23.so
7fb2fa6bf000-7fb2fa6c3000 r--p 001bf000 08:02 1849176                    /lib/x86_64-linux-gnu/libc-2.23.so
7fb2fa6c3000-7fb2fa6c5000 rw-p 001c3000 08:02 1849176                    /lib/x86_64-linux-gnu/libc-2.23.so
7fb2fa6c5000-7fb2fa6c9000 rw-p 00000000 00:00 0 
7fb2fa6c9000-7fb2fa6cc000 r-xp 00000000 08:02 1849175                    /lib/x86_64-linux-gnu/libdl-2.23.so
7fb2fa6cc000-7fb2fa8cb000 ---p 00003000 08:02 1849175                    /lib/x86_64-linux-gnu/libdl-2.23.so
7fb2fa8cb000-7fb2fa8cc000 r--p 00002000 08:02 1849175                    /lib/x86_64-linux-gnu/libdl-2.23.so
7fb2fa8cc000-7fb2fa8cd000 rw-p 00003000 08:02 1849175                    /lib/x86_64-linux-gnu/libdl-2.23.so
7fb2fa8cd000-7fb2fa8e2000 r-xp 00000000 08:02 6432972                    /usr/lib/jvm/java-8-oracle/lib/amd64/jli/libjli.so
7fb2fa8e2000-7fb2faae2000 ---p 00015000 08:02 6432972                    /usr/lib/jvm/java-8-oracle/lib/amd64/jli/libjli.so
7fb2faae2000-7fb2faae3000 rw-p 00015000 08:02 6432972                    /usr/lib/jvm/java-8-oracle/lib/amd64/jli/libjli.so
7fb2faae3000-7fb2faafb000 r-xp 00000000 08:02 1849182                    /lib/x86_64-linux-gnu/libpthread-2.23.so
7fb2faafb000-7fb2facfa000 ---p 00018000 08:02 1849182                    /lib/x86_64-linux-gnu/libpthread-2.23.so
7fb2facfa000-7fb2facfb000 r--p 00017000 08:02 1849182                    /lib/x86_64-linux-gnu/libpthread-2.23.so
7fb2facfb000-7fb2facfc000 rw-p 00018000 08:02 1849182                    /lib/x86_64-linux-gnu/libpthread-2.23.so
7fb2facfc000-7fb2fad00000 rw-p 00000000 00:00 0 
7fb2fad00000-7fb2fad26000 r-xp 00000000 08:02 1845373                    /lib/x86_64-linux-gnu/ld-2.23.so
7fb2fad2d000-7fb2fadff000 rw-p 00000000 00:00 0 
7fb2fadff000-7fb2fae02000 ---p 00000000 00:00 0 
7fb2fae02000-7fb2faf04000 rw-p 00000000 00:00 0 
7fb2faf05000-7fb2faf19000 rw-p 00000000 00:00 0 
7fb2faf19000-7fb2faf21000 rw-s 00000000 08:02 5117708                    /tmp/hsperfdata_admir/2234
7fb2faf21000-7fb2faf22000 rw-p 00000000 00:00 0 
7fb2faf22000-7fb2faf23000 ---p 00000000 00:00 0 
7fb2faf23000-7fb2faf25000 rw-p 00000000 00:00 0 
7fb2faf25000-7fb2faf26000 r--p 00025000 08:02 1845373                    /lib/x86_64-linux-gnu/ld-2.23.so
7fb2faf26000-7fb2faf27000 rw-p 00026000 08:02 1845373                    /lib/x86_64-linux-gnu/ld-2.23.so
7fb2faf27000-7fb2faf28000 rw-p 00000000 00:00 0 
7fffd571c000-7fffd573d000 rw-p 00000000 00:00 0                          [stack]
7fffd5756000-7fffd5758000 r--p 00000000 00:00 0                          [vvar]
7fffd5758000-7fffd575a000 r-xp 00000000 00:00 0                          [vdso]
ffffffffff600000-ffffffffff601000 r-xp 00000000 00:00 0                  [vsyscall]

VM Arguments:
jvm_args: -Djava.awt.headless=true -Xmx1024M -Dfile.encoding=UTF-8 -Duser.country=US -Duser.language=en -Duser.variant 
java_command: com.android.dx.command.Main --dex --force-jumbo --num-threads=4 --output /home/admir/AndroidStudioProjects/Orthographia/app/build/intermediates/pre-dexed/debug/com.android.support-appcompat-v7-24.2.1_e156e144a04e1412f58d522c3a37453f69114334.jar /home/admir/AndroidStudioProjects/Orthographia/app/build/intermediates/exploded-aar/com.android.support/appcompat-v7/24.2.1/jars/classes.jar
java_class_path (initial): /home/admir/Android/Sdk/build-tools/24.0.1/lib/dx.jar
Launcher Type: SUN_STANDARD

Environment Variables:
JAVA_HOME=/usr/lib/jvm/java-7-oracle
PATH=/home/admir/.local/share/umake/bin:/usr/local/sbin:/usr/local/bin:/usr/sbin:/usr/bin:/sbin:/bin:/usr/games:/usr/local/games:/snap/bin:/usr/lib/jvm/java-7-oracle/bin:/usr/lib/jvm/java-7-oracle/db/bin:/usr/lib/jvm/java-7-oracle/jre/bin
LD_LIBRARY_PATH=/opt/android-studio/bin:
SHELL=/bin/bash
DISPLAY=:0

Signal Handlers:
SIGSEGV: [libjvm.so+0xac4790], sa_mask[0]=11111111011111111101111111111110, sa_flags=SA_RESTART|SA_SIGINFO
SIGBUS: [libjvm.so+0xac4790], sa_mask[0]=11111111011111111101111111111110, sa_flags=SA_RESTART|SA_SIGINFO
SIGFPE: [libjvm.so+0x91f140], sa_mask[0]=11111111011111111101111111111110, sa_flags=SA_RESTART|SA_SIGINFO
SIGPIPE: [libjvm.so+0x91f140], sa_mask[0]=11111111011111111101111111111110, sa_flags=SA_RESTART|SA_SIGINFO
SIGXFSZ: [libjvm.so+0x91f140], sa_mask[0]=11111111011111111101111111111110, sa_flags=SA_RESTART|SA_SIGINFO
SIGILL: [libjvm.so+0x91f140], sa_mask[0]=11111111011111111101111111111110, sa_flags=SA_RESTART|SA_SIGINFO
SIGUSR1: SIG_DFL, sa_mask[0]=00000000000000000000000000000000, sa_flags=none
SIGUSR2: [libjvm.so+0x920770], sa_mask[0]=00100000000000000000000000000000, sa_flags=SA_RESTART|SA_SIGINFO
SIGHUP: [libjvm.so+0x921b70], sa_mask[0]=11111111011111111101111111111110, sa_flags=SA_RESTART|SA_SIGINFO
SIGINT: [libjvm.so+0x921b70], sa_mask[0]=11111111011111111101111111111110, sa_flags=SA_RESTART|SA_SIGINFO
SIGTERM: [libjvm.so+0x921b70], sa_mask[0]=11111111011111111101111111111110, sa_flags=SA_RESTART|SA_SIGINFO
SIGQUIT: [libjvm.so+0x921b70], sa_mask[0]=11111111011111111101111111111110, sa_flags=SA_RESTART|SA_SIGINFO


---------------  S Y S T E M  ---------------

OS:DISTRIB_ID=Ubuntu
DISTRIB_RELEASE=16.04
DISTRIB_CODENAME=xenial
DISTRIB_DESCRIPTION="Ubuntu 16.04.1 LTS"

uname:Linux 4.4.0-57-generic #78-Ubuntu SMP Fri Dec 9 23:50:32 UTC 2016 x86_64
libc:glibc 2.23 NPTL 2.23 
rlimit: STACK 8192k, CORE 0k, NPROC 14542, NOFILE 65536, AS infinity
load average:9,92 3,15 1,30

/proc/meminfo:
MemTotal:        3958032 kB
MemFree:          110060 kB
MemAvailable:      55676 kB
Buffers:            4136 kB
Cached:           407852 kB
SwapCached:        13712 kB
Active:          2834992 kB
Inactive:         815812 kB
Active(anon):    2779248 kB
Inactive(anon):   777840 kB
Active(file):      55744 kB
Inactive(file):    37972 kB
Unevictable:          32 kB
Mlocked:              32 kB
SwapTotal:       4106236 kB
SwapFree:              0 kB
Dirty:               740 kB
Writeback:             0 kB
AnonPages:       3225244 kB
Mapped:           266220 kB
Shmem:            318304 kB
Slab:              83384 kB
SReclaimable:      42360 kB
SUnreclaim:        41024 kB
KernelStack:       12128 kB
PageTables:        46596 kB
NFS_Unstable:          0 kB
Bounce:                0 kB
WritebackTmp:          0 kB
CommitLimit:     6085252 kB
Committed_AS:   12038684 kB
VmallocTotal:   34359738367 kB
VmallocUsed:           0 kB
VmallocChunk:          0 kB
HardwareCorrupted:     0 kB
AnonHugePages:   1179648 kB
CmaTotal:              0 kB
CmaFree:               0 kB
HugePages_Total:       0
HugePages_Free:        0
HugePages_Rsvd:        0
HugePages_Surp:        0
Hugepagesize:       2048 kB
DirectMap4k:      188752 kB
DirectMap2M:     3917824 kB
DirectMap1G:     1048576 kB


CPU:total 4 (2 cores per cpu, 2 threads per core) family 6 model 61 stepping 4, cmov, cx8, fxsr, mmx, sse, sse2, sse3, ssse3, sse4.1, sse4.2, popcnt, avx, avx2, aes, clmul, erms, 3dnowpref, lzcnt, ht, tsc, tscinvbit, bmi1, bmi2, adx

/proc/cpuinfo:
processor	: 0
vendor_id	: GenuineIntel
cpu family	: 6
model		: 61
model name	: Intel(R) Core(TM) i3-5005U CPU @ 2.00GHz
stepping	: 4
microcode	: 0x21
cpu MHz		: 1899.921
cache size	: 3072 KB
physical id	: 0
siblings	: 4
core id		: 0
cpu cores	: 2
apicid		: 0
initial apicid	: 0
fpu		: yes
fpu_exception	: yes
cpuid level	: 20
wp		: yes
flags		: fpu vme de pse tsc msr pae mce cx8 apic sep mtrr pge mca cmov pat pse36 clflush dts acpi mmx fxsr sse sse2 ss ht tm pbe syscall nx pdpe1gb rdtscp lm constant_tsc arch_perfmon pebs bts rep_good nopl xtopology nonstop_tsc aperfmperf eagerfpu pni pclmulqdq dtes64 monitor ds_cpl vmx est tm2 ssse3 sdbg fma cx16 xtpr pdcm pcid sse4_1 sse4_2 x2apic movbe popcnt tsc_deadline_timer aes xsave avx f16c rdrand lahf_lm abm 3dnowprefetch epb intel_pt tpr_shadow vnmi flexpriority ept vpid fsgsbase tsc_adjust bmi1 avx2 smep bmi2 erms invpcid rdseed adx smap xsaveopt dtherm arat pln pts
bugs		:
bogomips	: 3990.88
clflush size	: 64
cache_alignment	: 64
address sizes	: 39 bits physical, 48 bits virtual
power management:

processor	: 1
vendor_id	: GenuineIntel
cpu family	: 6
model		: 61
model name	: Intel(R) Core(TM) i3-5005U CPU @ 2.00GHz
stepping	: 4
microcode	: 0x21
cpu MHz		: 1900.000
cache size	: 3072 KB
physical id	: 0
siblings	: 4
core id		: 1
cpu cores	: 2
apicid		: 2
initial apicid	: 2
fpu		: yes
fpu_exception	: yes
cpuid level	: 20
wp		: yes
flags		: fpu vme de pse tsc msr pae mce cx8 apic sep mtrr pge mca cmov pat pse36 clflush dts acpi mmx fxsr sse sse2 ss ht tm pbe syscall nx pdpe1gb rdtscp lm constant_tsc arch_perfmon pebs bts rep_good nopl xtopology nonstop_tsc aperfmperf eagerfpu pni pclmulqdq dtes64 monitor ds_cpl vmx est tm2 ssse3 sdbg fma cx16 xtpr pdcm pcid sse4_1 sse4_2 x2apic movbe popcnt tsc_deadline_timer aes xsave avx f16c rdrand lahf_lm abm 3dnowprefetch epb intel_pt tpr_shadow vnmi flexpriority ept vpid fsgsbase tsc_adjust bmi1 avx2 smep bmi2 erms invpcid rdseed adx smap xsaveopt dtherm arat pln pts
bugs		:
bogomips	: 3990.88
clflush size	: 64
cache_alignment	: 64
address sizes	: 39 bits physical, 48 bits virtual
power management:

processor	: 2
vendor_id	: GenuineIntel
cpu family	: 6
model		: 61
model name	: Intel(R) Core(TM) i3-5005U CPU @ 2.00GHz
stepping	: 4
microcode	: 0x21
cpu MHz		: 1900.000
cache size	: 3072 KB
physical id	: 0
siblings	: 4
core id		: 0
cpu cores	: 2
apicid		: 1
initial apicid	: 1
fpu		: yes
fpu_exception	: yes
cpuid level	: 20
wp		: yes
flags		: fpu vme de pse tsc msr pae mce cx8 apic sep mtrr pge mca cmov pat pse36 clflush dts acpi mmx fxsr sse sse2 ss ht tm pbe syscall nx pdpe1gb rdtscp lm constant_tsc arch_perfmon pebs bts rep_good nopl xtopology nonstop_tsc aperfmperf eagerfpu pni pclmulqdq dtes64 monitor ds_cpl vmx est tm2 ssse3 sdbg fma cx16 xtpr pdcm pcid sse4_1 sse4_2 x2apic movbe popcnt tsc_deadline_timer aes xsave avx f16c rdrand lahf_lm abm 3dnowprefetch epb intel_pt tpr_shadow vnmi flexpriority ept vpid fsgsbase tsc_adjust bmi1 avx2 smep bmi2 erms invpcid rdseed adx smap xsaveopt dtherm arat pln pts
bugs		:
bogomips	: 3990.88
clflush size	: 64
cache_alignment	: 64
address sizes	: 39 bits physical, 48 bits virtual
power management:

processor	: 3
vendor_id	: GenuineIntel
cpu family	: 6
model		: 61
model name	: Intel(R) Core(TM) i3-5005U CPU @ 2.00GHz
stepping	: 4
microcode	: 0x21
cpu MHz		: 1900.000
cache size	: 3072 KB
physical id	: 0
siblings	: 4
core id		: 1
cpu cores	: 2
apicid		: 3
initial apicid	: 3
fpu		: yes
fpu_exception	: yes
cpuid level	: 20
wp		: yes
flags		: fpu vme de pse tsc msr pae mce cx8 apic sep mtrr pge mca cmov pat pse36 clflush dts acpi mmx fxsr sse sse2 ss ht tm pbe syscall nx pdpe1gb rdtscp lm constant_tsc arch_perfmon pebs bts rep_good nopl xtopology nonstop_tsc aperfmperf eagerfpu pni pclmulqdq dtes64 monitor ds_cpl vmx est tm2 ssse3 sdbg fma cx16 xtpr pdcm pcid sse4_1 sse4_2 x2apic movbe popcnt tsc_deadline_timer aes xsave avx f16c rdrand lahf_lm abm 3dnowprefetch epb intel_pt tpr_shadow vnmi flexpriority ept vpid fsgsbase tsc_adjust bmi1 avx2 smep bmi2 erms invpcid rdseed adx smap xsaveopt dtherm arat pln pts
bugs		:
bogomips	: 3990.88
clflush size	: 64
cache_alignment	: 64
address sizes	: 39 bits physical, 48 bits virtual
power management:



Memory: 4k page, physical 3958032k(110060k free), swap 4106236k(0k free)

vm_info: Java HotSpot(TM) 64-Bit Server VM (25.101-b13) for linux-amd64 JRE (1.8.0_101-b13), built on Jun 22 2016 02:59:44 by "java_re" with gcc 4.3.0 20080428 (Red Hat 4.3.0-8)

time: Mon Dec 26 00:05:26 2016
elapsed time: 9 seconds (0d 0h 0m 9s)

